[debug] [2023-10-30T10:52:06.291Z] ----------------------------------------------------------------------
[debug] [2023-10-30T10:52:06.294Z] Command:       C:\Program Files\nodejs\node.exe C:\Users\Admin\AppData\Roaming\npm\node_modules\firebase-tools\lib\bin\firebase.js init
[debug] [2023-10-30T10:52:06.294Z] CLI Version:   12.7.0
[debug] [2023-10-30T10:52:06.294Z] Platform:      win32
[debug] [2023-10-30T10:52:06.295Z] Node Version:  v20.9.0
[debug] [2023-10-30T10:52:06.295Z] Time:          Mon Oct 30 2023 12:52:06 GMT+0200 (за східноєвропейським стандартним часом)
[debug] [2023-10-30T10:52:06.295Z] ----------------------------------------------------------------------
[debug] 
[debug] [2023-10-30T10:52:06.371Z] > command requires scopes: ["email","openid","https://www.googleapis.com/auth/cloudplatformprojects.readonly","https://www.googleapis.com/auth/firebase","https://www.googleapis.com/auth/cloud-platform"]
[debug] [2023-10-30T10:52:06.372Z] > authorizing via signed-in user (baryshevyur7@gmail.com)
[info] 
     ######## #### ########  ######## ########     ###     ######  ########
     ##        ##  ##     ## ##       ##     ##  ##   ##  ##       ##
     ######    ##  ########  ######   ########  #########  ######  ######
     ##        ##  ##    ##  ##       ##     ## ##     ##       ## ##
     ##       #### ##     ## ######## ########  ##     ##  ######  ########

You're about to initialize a Firebase project in this directory:

  C:\Users\Admin\Documents\Develop\ednist-app\glb

Before we get started, keep in mind:

  * You are initializing within an existing Firebase project directory

[info] 
=== Project Setup
[info] 
[info] First, let's associate this project directory with a Firebase project.
[info] You can create multiple project aliases by running firebase use --add, 
[info] but for now we'll just set up a default project.
[info] 
[debug] [2023-10-30T10:52:16.525Z] Using project from CLI flag: global-construction
[debug] [2023-10-30T10:52:16.527Z] >>> [apiv2][query] GET https://firebase.googleapis.com/v1beta1/projects/global-construction [none]
[debug] [2023-10-30T10:52:16.966Z] <<< [apiv2][status] GET https://firebase.googleapis.com/v1beta1/projects/global-construction 403
[debug] [2023-10-30T10:52:16.966Z] <<< [apiv2][body] GET https://firebase.googleapis.com/v1beta1/projects/global-construction {"error":{"code":403,"message":"The caller does not have permission","status":"PERMISSION_DENIED"}}
[debug] [2023-10-30T10:52:16.967Z] HTTP Error: 403, The caller does not have permission
[debug] [2023-10-30T10:52:17.072Z] FirebaseError: HTTP Error: 403, The caller does not have permission
    at responseToError (C:\Users\Admin\AppData\Roaming\npm\node_modules\firebase-tools\lib\responseToError.js:49:12)
    at RetryOperation._fn (C:\Users\Admin\AppData\Roaming\npm\node_modules\firebase-tools\lib\apiv2.js:285:77)
    at process.processTicksAndRejections (node:internal/process/task_queues:95:5)
[error] 
[error] Error: Failed to get Firebase project global-construction. Please make sure the project exists and your account has permission to access it.
